<?xml version="1.0" encoding="UTF-8"?>
<testng-results ignored="0" total="9" passed="8" failed="1" skipped="0">
  <reporter-output>
  </reporter-output>
  <suite started-at="2025-09-03T14:37:22 IST" name="Suite" finished-at="2025-09-03T14:38:21 IST" duration-ms="58788">
    <groups>
      <group name="sanity">
        <method signature="substore_testcase.verifySubstoreCounterSubModule()[pri:1, instance:testcases.substore_testcase@2187fff7]" name="verifySubstoreCounterSubModule" class="testcases.substore_testcase"/>
        <method signature="substore_testcase.verifySubstoreSubModules()[pri:2, instance:testcases.substore_testcase@2187fff7]" name="verifySubstoreSubModules" class="testcases.substore_testcase"/>
        <method signature="substore_testcase.verifySubstoreModule()[pri:3, instance:testcases.substore_testcase@2187fff7]" name="verifySubstoreModule" class="testcases.substore_testcase"/>
        <method signature="substore_testcase.verifySubstoreSubModule()[pri:4, instance:testcases.substore_testcase@2187fff7]" name="verifySubstoreSubModule" class="testcases.substore_testcase"/>
        <method signature="substore_testcase.verifyAllSubstoreModulesAreDisplayedInSublist()[pri:5, instance:testcases.substore_testcase@2187fff7]" name="verifyAllSubstoreModulesAreDisplayedInSublist" class="testcases.substore_testcase"/>
        <method signature="substore_testcase.verifyNavigationBetweenSubmodules()[pri:6, instance:testcases.substore_testcase@2187fff7]" name="verifyNavigationBetweenSubmodules" class="testcases.substore_testcase"/>
        <method signature="substore_testcase.takingScreenshotOfCurrentPage()[pri:7, instance:testcases.substore_testcase@2187fff7]" name="takingScreenshotOfCurrentPage" class="testcases.substore_testcase"/>
        <method signature="substore_testcase.verifyInventoryRequisitionSection()[pri:8, instance:testcases.substore_testcase@2187fff7]" name="verifyInventoryRequisitionSection" class="testcases.substore_testcase"/>
        <method signature="substore_testcase.verifyCreateRequisitionButton()[pri:9, instance:testcases.substore_testcase@2187fff7]" name="verifyCreateRequisitionButton" class="testcases.substore_testcase"/>
      </group> <!-- sanity -->
    </groups>
    <test started-at="2025-09-03T14:37:22 IST" name="Test" finished-at="2025-09-03T14:38:21 IST" duration-ms="58788">
      <class name="testcases.substore_testcase">
        <test-method is-config="true" signature="initBrowser(java.lang.String,java.lang.String)[pri:0, instance:testcases.substore_testcase@2187fff7]" started-at="2025-09-03T14:37:22 IST" name="initBrowser" finished-at="2025-09-03T14:37:30 IST" duration-ms="7598" status="PASS">
          <params>
            <param index="0">
              <value>
                <![CDATA[chrome]]>
              </value>
            </param>
            <param index="1">
              <value>
                <![CDATA[dev]]>
              </value>
            </param>
          </params>
          <reporter-output>
          </reporter-output>
        </test-method> <!-- initBrowser -->
        <test-method signature="verifySubstoreCounterSubModule()[pri:1, instance:testcases.substore_testcase@2187fff7]" started-at="2025-09-03T14:37:30 IST" name="verifySubstoreCounterSubModule" description="Precondition: User should be logged in and on the healthapp section
1. Login in the healthapp application
2. Scroll down menu till Substore
3. Click on the Substore4. SubStore module should be present" finished-at="2025-09-03T14:37:34 IST" duration-ms="4292" status="PASS">
          <reporter-output>
          </reporter-output>
        </test-method> <!-- verifySubstoreCounterSubModule -->
        <test-method signature="verifySubstoreSubModules()[pri:2, instance:testcases.substore_testcase@2187fff7]" started-at="2025-09-03T14:37:35 IST" name="verifySubstoreSubModules" description="1. Login in the healthapp application
2. Click on the substore 
3. &quot;Select your Substore&quot; pop up 4. Expected value that should be present in &quot;Select your Substore&quot; modal
Expected sub-modals button:  Accounts,male ward SubStore,SubStore1,SubStore1" finished-at="2025-09-03T14:37:35 IST" duration-ms="262" status="PASS">
          <reporter-output>
          </reporter-output>
        </test-method> <!-- verifySubstoreSubModules -->
        <test-method signature="verifySubstoreModule()[pri:3, instance:testcases.substore_testcase@2187fff7]" started-at="2025-09-03T14:37:36 IST" name="verifySubstoreModule" description="Precondition: User should be logged in and on the Verification section\n&quot;
	+ &quot;1. Click on the Inventory Module
	+ &quot;2. Hover over on module signout button and get text3. Verify text To change, you can always click here." finished-at="2025-09-03T14:37:36 IST" duration-ms="611" status="PASS">
          <reporter-output>
          </reporter-output>
        </test-method> <!-- verifySubstoreModule -->
        <test-method signature="verifySubstoreSubModule()[pri:4, instance:testcases.substore_testcase@2187fff7]" started-at="2025-09-03T14:37:36 IST" name="verifySubstoreSubModule" description="Pre condition: User should be logged in and it is on SubStore module
1. Login in the healthapp application
2. Click on the Substore
3. &quot;Select your Substore&quot; pop up 
4. Click on &quot;Account&quot; sub-modal
5. Click on the &quot;Inventory&quot; sub-module
6. Click on&quot; Pharmacy&quot; sub-module
7. All sub-modules should be displayed correctly.
8. Expected Sub modules are : Pharmacy, Inventory" finished-at="2025-09-03T14:37:37 IST" duration-ms="778" status="PASS">
          <reporter-output>
          </reporter-output>
        </test-method> <!-- verifySubstoreSubModule -->
        <test-method signature="verifyAllSubstoreModulesAreDisplayedInSublist()[pri:5, instance:testcases.substore_testcase@2187fff7]" started-at="2025-09-03T14:37:37 IST" name="verifyAllSubstoreModulesAreDisplayedInSublist" description="Pre condition: User should be logged in and it is on SubStore module
1. Click on the SubStore Module drop-down arrow   
2. Click on Inventory module. Expected Sub modules are : Stock, Inventory Requisition, Consumption, Reports, Patient Consumption,Return" finished-at="2025-09-03T14:37:38 IST" duration-ms="350" status="PASS">
          <reporter-output>
          </reporter-output>
        </test-method> <!-- verifyAllSubstoreModulesAreDisplayedInSublist -->
        <test-method signature="verifyNavigationBetweenSubmodules()[pri:6, instance:testcases.substore_testcase@2187fff7]" started-at="2025-09-03T14:37:38 IST" name="verifyNavigationBetweenSubmodules" description="Pre condition: User should be logged in 
1. Click on the Substore Module drop-down arrow2. Verify navigation between sub-modules" finished-at="2025-09-03T14:37:40 IST" duration-ms="1723" status="PASS">
          <reporter-output>
          </reporter-output>
        </test-method> <!-- verifyNavigationBetweenSubmodules -->
        <test-method signature="takingScreenshotOfCurrentPage()[pri:7, instance:testcases.substore_testcase@2187fff7]" started-at="2025-09-03T14:37:40 IST" name="takingScreenshotOfCurrentPage" description="Under Substore module &gt; INventory Section&quot;
			+ &quot;Take the screenshot of the current page" finished-at="2025-09-03T14:37:40 IST" duration-ms="300" status="PASS">
          <reporter-output>
          </reporter-output>
        </test-method> <!-- takingScreenshotOfCurrentPage -->
        <test-method signature="verifyInventoryRequisitionSection()[pri:8, instance:testcases.substore_testcase@2187fff7]" started-at="2025-09-03T14:37:40 IST" name="verifyInventoryRequisitionSection" description="Pre condition: User should be logged in and it is on SubStore module
1. Click on the SubStore module drop-down arrow 
2. Click on Inventory sub-module
3. Click on Inventory Requisition section" finished-at="2025-09-03T14:37:41 IST" duration-ms="949" status="PASS">
          <reporter-output>
          </reporter-output>
        </test-method> <!-- verifyInventoryRequisitionSection -->
        <test-method signature="verifyCreateRequisitionButton()[pri:9, instance:testcases.substore_testcase@2187fff7]" started-at="2025-09-03T14:37:48 IST" name="verifyCreateRequisitionButton" description="Pre condition: User should be logged in and it is on Inventory sub-module
1. Click on &quot;Inventory Requisition&quot; section
2. Click on &quot;Create Requisition&quot; button
3. Click on &quot;Target Inventory &quot; field and Select &quot;GENERAL-INVENTORY&quot; option
4. Click on &quot;Item Category&quot; drop down and select &quot; Consumables&quot;  option
5. Enter &quot;tissue&quot; in ItemName field
6. Enter the &quot;Required Quantity&quot; field 
7. Click on &quot;Request&quot; button
8. Click on &quot;Close&quot; icon
9. Verify popup message Requisition is Generated and Saved" finished-at="2025-09-03T14:38:20 IST" duration-ms="32002" status="FAIL">
          <exception class="java.lang.Exception">
            <message>
              <![CDATA[Requisition creation failed: no such element: Unable to locate element: {"method":"xpath","selector":"//p[contains(text(),' success ')]/../p[contains(text(),'Requisition is Generated and Saved')]"}
  (Session info: chrome=139.0.7258.155)
For documentation on this error, please visit: https://www.selenium.dev/documentation/webdriver/troubleshooting/errors#no-such-element-exception
Build info: version: '4.10.0', revision: 'c14d967899'
System info: os.name: 'Windows 11', os.arch: 'amd64', os.version: '10.0', java.version: '21.0.7'
Driver info: org.openqa.selenium.chrome.ChromeDriver
Command: [3fd0f147db3a53f223a18551ef17f682, findElement {using=xpath, value=//p[contains(text(),' success ')]/../p[contains(text(),'Requisition is Generated and Saved')]}]
Capabilities {acceptInsecureCerts: false, browserName: chrome, browserVersion: 139.0.7258.155, chrome: {chromedriverVersion: 139.0.7258.154 (9e0d6b2b47f..., userDataDir: C:\Users\hp\AppData\Local\T...}, fedcm:accounts: true, goog:chromeOptions: {debuggerAddress: localhost:60566}, networkConnectionEnabled: false, pageLoadStrategy: normal, platformName: windows, proxy: Proxy(), se:cdp: ws://localhost:60566/devtoo..., se:cdpVersion: 139.0.7258.155, setWindowRect: true, strictFileInteractability: false, timeouts: {implicit: 0, pageLoad: 300000, script: 30000}, unhandledPromptBehavior: dismiss and notify, webauthn:extension:credBlob: true, webauthn:extension:largeBlob: true, webauthn:extension:minPinLength: true, webauthn:extension:prf: true, webauthn:virtualAuthenticators: true}
Session ID: 3fd0f147db3a53f223a18551ef17f682]]>
            </message>
            <full-stacktrace>
              <![CDATA[java.lang.Exception: Requisition creation failed: no such element: Unable to locate element: {"method":"xpath","selector":"//p[contains(text(),' success ')]/../p[contains(text(),'Requisition is Generated and Saved')]"}
  (Session info: chrome=139.0.7258.155)
For documentation on this error, please visit: https://www.selenium.dev/documentation/webdriver/troubleshooting/errors#no-such-element-exception
Build info: version: '4.10.0', revision: 'c14d967899'
System info: os.name: 'Windows 11', os.arch: 'amd64', os.version: '10.0', java.version: '21.0.7'
Driver info: org.openqa.selenium.chrome.ChromeDriver
Command: [3fd0f147db3a53f223a18551ef17f682, findElement {using=xpath, value=//p[contains(text(),' success ')]/../p[contains(text(),'Requisition is Generated and Saved')]}]
Capabilities {acceptInsecureCerts: false, browserName: chrome, browserVersion: 139.0.7258.155, chrome: {chromedriverVersion: 139.0.7258.154 (9e0d6b2b47f..., userDataDir: C:\Users\hp\AppData\Local\T...}, fedcm:accounts: true, goog:chromeOptions: {debuggerAddress: localhost:60566}, networkConnectionEnabled: false, pageLoadStrategy: normal, platformName: windows, proxy: Proxy(), se:cdp: ws://localhost:60566/devtoo..., se:cdpVersion: 139.0.7258.155, setWindowRect: true, strictFileInteractability: false, timeouts: {implicit: 0, pageLoad: 300000, script: 30000}, unhandledPromptBehavior: dismiss and notify, webauthn:extension:credBlob: true, webauthn:extension:largeBlob: true, webauthn:extension:minPinLength: true, webauthn:extension:prf: true, webauthn:virtualAuthenticators: true}
Session ID: 3fd0f147db3a53f223a18551ef17f682
at pages.substore_page.verifyCreateRequisitionButton(substore_page.java:273)
at testcases.substore_testcase.verifyCreateRequisitionButton(substore_testcase.java:161)
at java.base/jdk.internal.reflect.DirectMethodHandleAccessor.invoke(DirectMethodHandleAccessor.java:103)
at java.base/java.lang.reflect.Method.invoke(Method.java:580)
at org.testng.internal.invokers.MethodInvocationHelper.invokeMethod(MethodInvocationHelper.java:139)
at org.testng.internal.invokers.TestInvoker.invokeMethod(TestInvoker.java:664)
at org.testng.internal.invokers.TestInvoker.invokeTestMethod(TestInvoker.java:227)
at org.testng.internal.invokers.MethodRunner.runInSequence(MethodRunner.java:50)
at org.testng.internal.invokers.TestInvoker$MethodInvocationAgent.invoke(TestInvoker.java:957)
at org.testng.internal.invokers.TestInvoker.invokeTestMethods(TestInvoker.java:200)
at org.testng.internal.invokers.TestMethodWorker.invokeTestMethods(TestMethodWorker.java:148)
at org.testng.internal.invokers.TestMethodWorker.run(TestMethodWorker.java:128)
at java.base/java.util.concurrent.ThreadPoolExecutor.runWorker(ThreadPoolExecutor.java:1144)
at java.base/java.util.concurrent.ThreadPoolExecutor$Worker.run(ThreadPoolExecutor.java:642)
at java.base/java.lang.Thread.run(Thread.java:1583)
Caused by: org.openqa.selenium.NoSuchElementException: no such element: Unable to locate element: {"method":"xpath","selector":"//p[contains(text(),' success ')]/../p[contains(text(),'Requisition is Generated and Saved')]"}
  (Session info: chrome=139.0.7258.155)
For documentation on this error, please visit: https://www.selenium.dev/documentation/webdriver/troubleshooting/errors#no-such-element-exception
Build info: version: '4.10.0', revision: 'c14d967899'
System info: os.name: 'Windows 11', os.arch: 'amd64', os.version: '10.0', java.version: '21.0.7'
Driver info: org.openqa.selenium.chrome.ChromeDriver
Command: [3fd0f147db3a53f223a18551ef17f682, findElement {using=xpath, value=//p[contains(text(),' success ')]/../p[contains(text(),'Requisition is Generated and Saved')]}]
Capabilities {acceptInsecureCerts: false, browserName: chrome, browserVersion: 139.0.7258.155, chrome: {chromedriverVersion: 139.0.7258.154 (9e0d6b2b47f..., userDataDir: C:\Users\hp\AppData\Local\T...}, fedcm:accounts: true, goog:chromeOptions: {debuggerAddress: localhost:60566}, networkConnectionEnabled: false, pageLoadStrategy: normal, platformName: windows, proxy: Proxy(), se:cdp: ws://localhost:60566/devtoo..., se:cdpVersion: 139.0.7258.155, setWindowRect: true, strictFileInteractability: false, timeouts: {implicit: 0, pageLoad: 300000, script: 30000}, unhandledPromptBehavior: dismiss and notify, webauthn:extension:credBlob: true, webauthn:extension:largeBlob: true, webauthn:extension:minPinLength: true, webauthn:extension:prf: true, webauthn:virtualAuthenticators: true}
Session ID: 3fd0f147db3a53f223a18551ef17f682
at java.base/jdk.internal.reflect.DirectConstructorHandleAccessor.newInstance(DirectConstructorHandleAccessor.java:62)
at java.base/java.lang.reflect.Constructor.newInstanceWithCaller(Constructor.java:502)
at java.base/java.lang.reflect.Constructor.newInstance(Constructor.java:486)
at org.openqa.selenium.remote.codec.w3c.W3CHttpResponseCodec.createException(W3CHttpResponseCodec.java:199)
at org.openqa.selenium.remote.codec.w3c.W3CHttpResponseCodec.decode(W3CHttpResponseCodec.java:132)
at org.openqa.selenium.remote.codec.w3c.W3CHttpResponseCodec.decode(W3CHttpResponseCodec.java:51)
at org.openqa.selenium.remote.HttpCommandExecutor.execute(HttpCommandExecutor.java:191)
at org.openqa.selenium.remote.service.DriverCommandExecutor.invokeExecute(DriverCommandExecutor.java:196)
at org.openqa.selenium.remote.service.DriverCommandExecutor.execute(DriverCommandExecutor.java:171)
at org.openqa.selenium.remote.RemoteWebDriver.execute(RemoteWebDriver.java:531)
at org.openqa.selenium.remote.ElementLocation$ElementFinder$2.findElement(ElementLocation.java:165)
at org.openqa.selenium.remote.ElementLocation.findElement(ElementLocation.java:59)
at org.openqa.selenium.remote.RemoteWebDriver.findElement(RemoteWebDriver.java:350)
at org.openqa.selenium.remote.RemoteWebDriver.findElement(RemoteWebDriver.java:344)
at pages.substore_page.verifyCreateRequisitionButton(substore_page.java:263)
... 14 more
]]>
            </full-stacktrace>
          </exception> <!-- java.lang.Exception -->
          <reporter-output>
          </reporter-output>
        </test-method> <!-- verifyCreateRequisitionButton -->
        <test-method is-config="true" signature="tearDown()[pri:0, instance:testcases.substore_testcase@2187fff7]" started-at="2025-09-03T14:38:20 IST" name="tearDown" finished-at="2025-09-03T14:38:21 IST" duration-ms="391" status="PASS">
          <reporter-output>
          </reporter-output>
        </test-method> <!-- tearDown -->
      </class> <!-- testcases.substore_testcase -->
    </test> <!-- Test -->
  </suite> <!-- Suite -->
</testng-results>
